{"level":"info","time":"2023-10-14 22:51:07","caller":"/Users/zhaichaoqun/workespace/goProjects/src/dynamic-store-api/global/initialization/initialization.go:101","msg":"日志开始记录！","api":"universe"}
{"level":"info","time":"2023-10-14 22:53:37","caller":"/Users/zhaichaoqun/workespace/goProjects/src/dynamic-store-api/global/initialization/initialization.go:101","msg":"日志开始记录！","api":"dynamic-weapp-api"}
{"level":"info","time":"2023-10-14 23:14:04","caller":"/Users/zhaichaoqun/workespace/goProjects/src/dynamic-store-api/global/initialization/initialization.go:101","msg":"日志开始记录！","api":"dynamic-weapp-api"}
{"level":"info","time":"2023-10-14 23:15:48","caller":"/Users/zhaichaoqun/workespace/goProjects/src/dynamic-store-api/global/initialization/initialization.go:101","msg":"日志开始记录！","api":"dynamic-weapp-api"}
{"level":"info","time":"2023-10-15 00:05:22","caller":"/Users/zhaichaoqun/workespace/goProjects/src/dynamic-store-api/global/initialization/initialization.go:101","msg":"日志开始记录！","api":"dynamic-weapp-api"}
{"level":"info","time":"2023-10-15 00:16:49","caller":"/Users/zhaichaoqun/workespace/goProjects/src/dynamic-store-api/global/initialization/initialization.go:101","msg":"日志开始记录！","api":"dynamic-weapp-api"}
{"level":"info","time":"2023-10-15 00:22:37","caller":"/Users/zhaichaoqun/workespace/goProjects/src/dynamic-store-api/global/initialization/initialization.go:101","msg":"日志开始记录！","api":"dynamic-weapp-api"}
{"level":"info","time":"2023-10-15 10:30:30","caller":"/Users/zhaichaoqun/workespace/goProjects/src/dynamic-store-api/global/initialization/initialization.go:101","msg":"日志开始记录！","api":"dynamic-weapp-api"}
{"level":"info","time":"2023-10-15 18:36:30","caller":"/Users/zhaichaoqun/workespace/goProjects/src/dynamic-store-api/global/initialization/initialization.go:101","msg":"日志开始记录！","api":"dynamic-weapp-api"}
{"level":"info","time":"2023-10-15 18:38:17","caller":"/Users/zhaichaoqun/workespace/goProjects/src/dynamic-store-api/global/initialization/initialization.go:101","msg":"日志开始记录！","api":"dynamic-weapp-api"}
{"level":"info","time":"2023-10-15 18:53:15","caller":"/Users/zhaichaoqun/workespace/goProjects/src/dynamic-store-api/global/initialization/initialization.go:101","msg":"日志开始记录！","api":"dynamic-weapp-api"}
{"level":"info","time":"2023-10-15 18:55:20","caller":"/Users/zhaichaoqun/workespace/goProjects/src/dynamic-store-api/global/initialization/initialization.go:101","msg":"日志开始记录！","api":"dynamic-weapp-api"}
{"level":"info","time":"2023-10-15 18:56:12","caller":"/Users/zhaichaoqun/workespace/goProjects/src/dynamic-store-api/global/initialization/initialization.go:101","msg":"日志开始记录！","api":"dynamic-weapp-api"}
{"level":"info","time":"2023-10-15 19:27:40","caller":"/Users/zhaichaoqun/workespace/goProjects/src/dynamic-store-api/global/initialization/initialization.go:101","msg":"日志开始记录！","api":"dynamic-weapp-api"}
{"level":"info","time":"2023-10-15 21:25:11","caller":"/Users/zhaichaoqun/workespace/goProjects/src/dynamic-store-api/global/initialization/initialization.go:101","msg":"日志开始记录！","api":"dynamic-weapp-api"}
{"level":"info","time":"2023-10-15 21:26:24","caller":"/Users/zhaichaoqun/workespace/goProjects/src/dynamic-store-api/global/initialization/initialization.go:101","msg":"日志开始记录！","api":"dynamic-weapp-api"}
{"level":"info","time":"2023-10-15 21:27:27","caller":"/Users/zhaichaoqun/workespace/goProjects/src/dynamic-store-api/global/initialization/initialization.go:101","msg":"日志开始记录！","api":"dynamic-weapp-api"}
{"level":"info","time":"2023-10-15 21:34:50","caller":"/Users/zhaichaoqun/workespace/goProjects/src/dynamic-store-api/global/initialization/initialization.go:101","msg":"日志开始记录！","api":"dynamic-weapp-api"}
{"level":"info","time":"2023-10-16 00:17:12","caller":"/Users/zhaichaoqun/workespace/goProjects/src/dynamic-store-api/global/initialization/initialization.go:101","msg":"日志开始记录！","api":"dynamic-weapp-api"}
<<<<<<< HEAD
{"level":"info","time":"2023-10-16 22:48:02","caller":"/Users/zhaichaoqun/workespace/goProjects/src/dynamic-store-api/global/initialization/initialization.go:101","msg":"日志开始记录！","api":"dynamic-weapp-api"}
{"level":"info","time":"2023-10-16 22:54:16","caller":"/Users/zhaichaoqun/workespace/goProjects/src/dynamic-store-api/global/initialization/initialization.go:101","msg":"日志开始记录！","api":"dynamic-weapp-api"}
=======
{"level":"info","time":"2023-10-16 14:06:27","caller":"/Users/zhaichaoqun/workspace/goProjects/src/dynamic-store-api/global/initialization/initialization.go:101","msg":"日志开始记录！","api":"dynamic-weapp-api"}
>>>>>>> 792a195de58ca156d7a00c5009d6110f25ea72b0
{"level":"info","time":"2023-10-17 21:39:38","caller":"/Users/zhaichaoqun/workespace/goProjects/src/dynamic-store-api/global/initialization/initialization.go:101","msg":"日志开始记录！","api":"dynamic-weapp-api"}
{"level":"info","time":"2023-10-17 22:53:24","caller":"/Users/zhaichaoqun/workespace/goProjects/src/dynamic-store-api/global/initialization/initialization.go:101","msg":"日志开始记录！","api":"dynamic-weapp-api"}
{"level":"info","time":"2023-10-17 23:01:37","caller":"/Users/zhaichaoqun/workespace/goProjects/src/dynamic-store-api/global/initialization/initialization.go:101","msg":"日志开始记录！","api":"dynamic-weapp-api"}
{"level":"info","time":"2023-10-17 23:03:32","caller":"/Users/zhaichaoqun/workespace/goProjects/src/dynamic-store-api/global/initialization/initialization.go:101","msg":"日志开始记录！","api":"dynamic-weapp-api"}
{"level":"info","time":"2023-10-17 23:06:05","caller":"/Users/zhaichaoqun/workespace/goProjects/src/dynamic-store-api/global/initialization/initialization.go:101","msg":"日志开始记录！","api":"dynamic-weapp-api"}
{"level":"info","time":"2023-10-17 23:06:23","caller":"/Users/zhaichaoqun/workespace/goProjects/src/dynamic-store-api/global/initialization/initialization.go:101","msg":"日志开始记录！","api":"dynamic-weapp-api"}
{"level":"info","time":"2023-10-17 23:08:15","caller":"/Users/zhaichaoqun/workespace/goProjects/src/dynamic-store-api/global/initialization/initialization.go:101","msg":"日志开始记录！","api":"dynamic-weapp-api"}
{"level":"info","time":"2023-10-17 23:13:48","caller":"/Users/zhaichaoqun/workespace/goProjects/src/dynamic-store-api/global/initialization/initialization.go:101","msg":"日志开始记录！","api":"dynamic-weapp-api"}
{"level":"info","time":"2023-10-17 23:14:20","caller":"/Users/zhaichaoqun/workespace/goProjects/src/dynamic-store-api/global/initialization/initialization.go:101","msg":"日志开始记录！","api":"dynamic-weapp-api"}
{"level":"info","time":"2023-10-17 23:26:56","caller":"/Users/zhaichaoqun/workespace/goProjects/src/dynamic-store-api/global/initialization/initialization.go:101","msg":"日志开始记录！","api":"dynamic-weapp-api"}
{"level":"info","time":"2023-10-17 23:33:10","caller":"/Users/zhaichaoqun/workespace/goProjects/src/dynamic-store-api/global/initialization/initialization.go:101","msg":"日志开始记录！","api":"dynamic-weapp-api"}
{"level":"info","time":"2023-10-17 23:52:35","caller":"/Users/zhaichaoqun/workespace/goProjects/src/dynamic-store-api/global/initialization/initialization.go:101","msg":"日志开始记录！","api":"dynamic-weapp-api"}
{"level":"info","time":"2023-10-17 23:53:42","caller":"/Users/zhaichaoqun/workespace/goProjects/src/dynamic-store-api/global/initialization/initialization.go:101","msg":"日志开始记录！","api":"dynamic-weapp-api"}
{"level":"info","time":"2023-10-17 23:54:34","caller":"/Users/zhaichaoqun/workespace/goProjects/src/dynamic-store-api/global/initialization/initialization.go:101","msg":"日志开始记录！","api":"dynamic-weapp-api"}
{"level":"info","time":"2023-10-18 00:12:13","caller":"/Users/zhaichaoqun/workespace/goProjects/src/dynamic-store-api/global/initialization/initialization.go:101","msg":"日志开始记录！","api":"dynamic-weapp-api"}
{"level":"info","time":"2023-10-18 00:12:41","caller":"/Users/zhaichaoqun/workespace/goProjects/src/dynamic-store-api/global/initialization/initialization.go:101","msg":"日志开始记录！","api":"dynamic-weapp-api"}
{"level":"info","time":"2023-10-18 00:16:30","caller":"/Users/zhaichaoqun/workespace/goProjects/src/dynamic-store-api/global/initialization/initialization.go:101","msg":"日志开始记录！","api":"dynamic-weapp-api"}
{"level":"info","time":"2023-10-18 00:17:23","caller":"/Users/zhaichaoqun/workespace/goProjects/src/dynamic-store-api/global/initialization/initialization.go:101","msg":"日志开始记录！","api":"dynamic-weapp-api"}
{"level":"info","time":"2023-10-18 00:25:36","caller":"/Users/zhaichaoqun/workespace/goProjects/src/dynamic-store-api/global/initialization/initialization.go:101","msg":"日志开始记录！","api":"dynamic-weapp-api"}
{"level":"info","time":"2023-10-18 00:26:48","caller":"/Users/zhaichaoqun/workespace/goProjects/src/dynamic-store-api/global/initialization/initialization.go:101","msg":"日志开始记录！","api":"dynamic-weapp-api"}
{"level":"info","time":"2023-10-18 00:27:58","caller":"/Users/zhaichaoqun/workespace/goProjects/src/dynamic-store-api/global/initialization/initialization.go:101","msg":"日志开始记录！","api":"dynamic-weapp-api"}
{"level":"info","time":"2023-10-18 22:04:29","caller":"/Users/zhaichaoqun/workespace/goProjects/src/dynamic-store-api/global/initialization/initialization.go:101","msg":"日志开始记录！","api":"dynamic-weapp-api"}
{"level":"info","time":"2023-10-18 22:22:02","caller":"/Users/zhaichaoqun/workespace/goProjects/src/dynamic-store-api/global/initialization/initialization.go:101","msg":"日志开始记录！","api":"dynamic-weapp-api"}
{"level":"info","time":"2023-10-18 22:22:41","caller":"/Users/zhaichaoqun/workespace/goProjects/src/dynamic-store-api/global/initialization/initialization.go:101","msg":"日志开始记录！","api":"dynamic-weapp-api"}
{"level":"info","time":"2023-10-18 22:42:24","caller":"/Users/zhaichaoqun/workespace/goProjects/src/dynamic-store-api/global/initialization/initialization.go:101","msg":"日志开始记录！","api":"dynamic-weapp-api"}
{"level":"info","time":"2023-10-19 00:09:01","caller":"/Users/zhaichaoqun/workespace/goProjects/src/dynamic-store-api/global/initialization/initialization.go:101","msg":"日志开始记录！","api":"dynamic-weapp-api"}
{"level":"info","time":"2023-10-19 00:10:19","caller":"/Users/zhaichaoqun/workespace/goProjects/src/dynamic-store-api/global/initialization/initialization.go:101","msg":"日志开始记录！","api":"dynamic-weapp-api"}
{"level":"info","time":"2023-10-19 00:21:25","caller":"/Users/zhaichaoqun/workespace/goProjects/src/dynamic-store-api/global/initialization/initialization.go:101","msg":"日志开始记录！","api":"dynamic-weapp-api"}
{"level":"info","time":"2023-10-19 12:50:11","caller":"/Users/zhaichaoqun/workspace/goProjects/src/dynamic-store-api/global/initialization/initialization.go:101","msg":"日志开始记录！","api":"dynamic-weapp-api"}
{"level":"info","time":"2023-10-19 12:50:42","caller":"/Users/zhaichaoqun/workspace/goProjects/src/dynamic-store-api/global/initialization/initialization.go:101","msg":"日志开始记录！","api":"dynamic-weapp-api"}
{"level":"info","time":"2023-10-19 12:51:24","caller":"/Users/zhaichaoqun/workspace/goProjects/src/dynamic-store-api/global/initialization/initialization.go:101","msg":"日志开始记录！","api":"dynamic-weapp-api"}
{"level":"info","time":"2023-10-19 12:54:06","caller":"/Users/zhaichaoqun/workspace/goProjects/src/dynamic-store-api/global/initialization/initialization.go:101","msg":"日志开始记录！","api":"dynamic-weapp-api"}
{"level":"info","time":"2023-10-19 12:57:36","caller":"/Users/zhaichaoqun/workspace/goProjects/src/dynamic-store-api/global/initialization/initialization.go:101","msg":"日志开始记录！","api":"dynamic-weapp-api"}
{"level":"info","time":"2023-10-19 12:58:42","caller":"/Users/zhaichaoqun/workspace/goProjects/src/dynamic-store-api/global/initialization/initialization.go:101","msg":"日志开始记录！","api":"dynamic-weapp-api"}
{"level":"info","time":"2023-10-19 12:59:03","caller":"/Users/zhaichaoqun/workspace/goProjects/src/dynamic-store-api/global/initialization/initialization.go:101","msg":"日志开始记录！","api":"dynamic-weapp-api"}
{"level":"info","time":"2023-10-19 13:05:10","caller":"/Users/zhaichaoqun/workspace/goProjects/src/dynamic-store-api/global/initialization/initialization.go:101","msg":"日志开始记录！","api":"dynamic-weapp-api"}
{"level":"info","time":"2023-10-19 13:05:19","caller":"/Users/zhaichaoqun/workspace/goProjects/src/dynamic-store-api/global/initialization/initialization.go:101","msg":"日志开始记录！","api":"dynamic-weapp-api"}
{"level":"info","time":"2023-10-19 13:05:55","caller":"/Users/zhaichaoqun/workspace/goProjects/src/dynamic-store-api/global/initialization/initialization.go:101","msg":"日志开始记录！","api":"dynamic-weapp-api"}
{"level":"info","time":"2023-10-19 13:06:45","caller":"/Users/zhaichaoqun/workspace/goProjects/src/dynamic-store-api/global/initialization/initialization.go:101","msg":"日志开始记录！","api":"dynamic-weapp-api"}
{"level":"info","time":"2023-10-19 13:07:09","caller":"/Users/zhaichaoqun/workspace/goProjects/src/dynamic-store-api/global/initialization/initialization.go:101","msg":"日志开始记录！","api":"dynamic-weapp-api"}
{"level":"info","time":"2023-10-19 15:40:48","caller":"/Users/zhaichaoqun/workspace/goProjects/src/dynamic-store-api/global/initialization/initialization.go:101","msg":"日志开始记录！","api":"dynamic-weapp-api"}
{"level":"info","time":"2023-10-19 15:54:21","caller":"/Users/zhaichaoqun/workspace/goProjects/src/dynamic-store-api/global/initialization/initialization.go:101","msg":"日志开始记录！","api":"dynamic-weapp-api"}
{"level":"info","time":"2023-10-19 15:54:45","caller":"/Users/zhaichaoqun/workspace/goProjects/src/dynamic-store-api/global/initialization/initialization.go:101","msg":"日志开始记录！","api":"dynamic-weapp-api"}
{"level":"info","time":"2023-10-19 16:00:21","caller":"/Users/zhaichaoqun/workspace/goProjects/src/dynamic-store-api/global/initialization/initialization.go:101","msg":"日志开始记录！","api":"dynamic-weapp-api"}
{"level":"info","time":"2023-10-19 16:08:57","caller":"/Users/zhaichaoqun/workspace/goProjects/src/dynamic-store-api/global/initialization/initialization.go:101","msg":"日志开始记录！","api":"dynamic-weapp-api"}
{"level":"info","time":"2023-10-19 16:15:24","caller":"/Users/zhaichaoqun/workspace/goProjects/src/dynamic-store-api/global/initialization/initialization.go:101","msg":"日志开始记录！","api":"dynamic-weapp-api"}
{"level":"info","time":"2023-10-19 16:15:50","caller":"/Users/zhaichaoqun/workspace/goProjects/src/dynamic-store-api/global/initialization/initialization.go:101","msg":"日志开始记录！","api":"dynamic-weapp-api"}
{"level":"info","time":"2023-10-19 16:16:04","caller":"/Users/zhaichaoqun/workspace/goProjects/src/dynamic-store-api/global/initialization/initialization.go:101","msg":"日志开始记录！","api":"dynamic-weapp-api"}
{"level":"info","time":"2023-10-19 16:21:16","caller":"/Users/zhaichaoqun/workspace/goProjects/src/dynamic-store-api/global/initialization/initialization.go:101","msg":"日志开始记录！","api":"dynamic-weapp-api"}
